{"E:\\LLLL\\typescript_rainbow_webpack.git\\src\\DummyClass.ts": {"path":"E:\\LLLL\\typescript_rainbow_webpack.git\\src\\DummyClass.ts","statementMap":{"0":{"start":{"line":1,"column":2},"end":{"line":3,"column":4}},"1":{"start":{"line":3,"column":4},"end":{"line":3,"column":5}}},"fnMap":{"0":{"name":"(anonymous_0)","decl":{"start":{"line":1,"column":2},"end":{"line":null,"column":-1}},"loc":{"start":{"line":1,"column":2},"end":{"line":1,"column":1}}}},"branchMap":{},"s":{"0":1,"1":1},"f":{"0":2},"b":{}}
}
